2013/04/19 15:38:22 [error] [exception.CException] exception 'CException' with message 'Property "LoginForm.username" is not defined.' in D:\wamp\www\yii\framework\base\CComponent.php:130
Stack trace:
#0 D:\wamp\www\yii\framework\web\helpers\CHtml.php(2255): CComponent->__get('username')
#1 D:\wamp\www\yii\framework\web\helpers\CHtml.php(1980): CHtml::resolveValue(Object(LoginForm), 'username')
#2 D:\wamp\www\yii\framework\web\helpers\CHtml.php(1257): CHtml::activeInputField('text', Object(LoginForm), 'username', Array)
#3 D:\wamp\www\yii\framework\web\widgets\CActiveForm.php(657): CHtml::activeTextField(Object(LoginForm), 'username', Array)
#4 D:\wamp\www\face\protected\views\site\login.php(29): CActiveForm->textField(Object(LoginForm), 'username')
#5 D:\wamp\www\yii\framework\web\CBaseController.php(126): require('D:\wamp\www\fac...')
#6 D:\wamp\www\yii\framework\web\CBaseController.php(95): CBaseController->renderInternal('D:\wamp\www\fac...', Array, true)
#7 D:\wamp\www\yii\framework\web\CController.php(869): CBaseController->renderFile('D:\wamp\www\fac...', Array, true)
#8 D:\wamp\www\yii\framework\web\CController.php(782): CController->renderPartial('login', Array, true)
#9 D:\wamp\www\face\protected\controllers\SiteController.php(98): CController->render('login', Array)
#10 D:\wamp\www\yii\framework\web\actions\CInlineAction.php(49): SiteController->actionLogin()
#11 D:\wamp\www\yii\framework\web\CController.php(308): CInlineAction->runWithParams(Array)
#12 D:\wamp\www\yii\framework\web\CController.php(286): CController->runAction(Object(CInlineAction))
#13 D:\wamp\www\yii\framework\web\CController.php(265): CController->runActionWithFilters(Object(CInlineAction), Array)
#14 D:\wamp\www\yii\framework\web\CWebApplication.php(282): CController->run('login')
#15 D:\wamp\www\yii\framework\web\CWebApplication.php(141): CWebApplication->runController('site/login')
#16 D:\wamp\www\yii\framework\base\CApplication.php(169): CWebApplication->processRequest()
#17 D:\wamp\www\face\index.php(13): CApplication->run()
#18 {main}
REQUEST_URI=/face/index.php?r=site/login
HTTP_REFERER=http://localhost/face/index.php?r=site/contact
---
2013/04/19 15:38:31 [error] [exception.CException] exception 'CException' with message 'Property "LoginForm.username" is not defined.' in D:\wamp\www\yii\framework\base\CComponent.php:130
Stack trace:
#0 D:\wamp\www\yii\framework\web\helpers\CHtml.php(2255): CComponent->__get('username')
#1 D:\wamp\www\yii\framework\web\helpers\CHtml.php(1980): CHtml::resolveValue(Object(LoginForm), 'username')
#2 D:\wamp\www\yii\framework\web\helpers\CHtml.php(1257): CHtml::activeInputField('text', Object(LoginForm), 'username', Array)
#3 D:\wamp\www\yii\framework\web\widgets\CActiveForm.php(657): CHtml::activeTextField(Object(LoginForm), 'username', Array)
#4 D:\wamp\www\face\protected\views\site\login.php(29): CActiveForm->textField(Object(LoginForm), 'username')
#5 D:\wamp\www\yii\framework\web\CBaseController.php(126): require('D:\wamp\www\fac...')
#6 D:\wamp\www\yii\framework\web\CBaseController.php(95): CBaseController->renderInternal('D:\wamp\www\fac...', Array, true)
#7 D:\wamp\www\yii\framework\web\CController.php(869): CBaseController->renderFile('D:\wamp\www\fac...', Array, true)
#8 D:\wamp\www\yii\framework\web\CController.php(782): CController->renderPartial('login', Array, true)
#9 D:\wamp\www\face\protected\controllers\SiteController.php(98): CController->render('login', Array)
#10 D:\wamp\www\yii\framework\web\actions\CInlineAction.php(49): SiteController->actionLogin()
#11 D:\wamp\www\yii\framework\web\CController.php(308): CInlineAction->runWithParams(Array)
#12 D:\wamp\www\yii\framework\web\CController.php(286): CController->runAction(Object(CInlineAction))
#13 D:\wamp\www\yii\framework\web\CController.php(265): CController->runActionWithFilters(Object(CInlineAction), Array)
#14 D:\wamp\www\yii\framework\web\CWebApplication.php(282): CController->run('login')
#15 D:\wamp\www\yii\framework\web\CWebApplication.php(141): CWebApplication->runController('site/login')
#16 D:\wamp\www\yii\framework\base\CApplication.php(169): CWebApplication->processRequest()
#17 D:\wamp\www\face\index.php(13): CApplication->run()
#18 {main}
REQUEST_URI=/face/index.php?r=site/login
HTTP_REFERER=http://localhost/face/index.php?r=site/contact
---
2013/04/19 15:43:29 [error] [exception.CException] exception 'CException' with message 'Property "LoginForm.username" is not defined.' in D:\wamp\www\yii\framework\base\CComponent.php:130
Stack trace:
#0 D:\wamp\www\yii\framework\web\helpers\CHtml.php(2255): CComponent->__get('username')
#1 D:\wamp\www\yii\framework\web\helpers\CHtml.php(1980): CHtml::resolveValue(Object(LoginForm), 'username')
#2 D:\wamp\www\yii\framework\web\helpers\CHtml.php(1257): CHtml::activeInputField('text', Object(LoginForm), 'username', Array)
#3 D:\wamp\www\yii\framework\web\widgets\CActiveForm.php(657): CHtml::activeTextField(Object(LoginForm), 'username', Array)
#4 D:\wamp\www\face\protected\views\site\login.php(29): CActiveForm->textField(Object(LoginForm), 'username')
#5 D:\wamp\www\yii\framework\web\CBaseController.php(126): require('D:\wamp\www\fac...')
#6 D:\wamp\www\yii\framework\web\CBaseController.php(95): CBaseController->renderInternal('D:\wamp\www\fac...', Array, true)
#7 D:\wamp\www\yii\framework\web\CController.php(869): CBaseController->renderFile('D:\wamp\www\fac...', Array, true)
#8 D:\wamp\www\yii\framework\web\CController.php(782): CController->renderPartial('login', Array, true)
#9 D:\wamp\www\face\protected\controllers\SiteController.php(98): CController->render('login', Array)
#10 D:\wamp\www\yii\framework\web\actions\CInlineAction.php(49): SiteController->actionLogin()
#11 D:\wamp\www\yii\framework\web\CController.php(308): CInlineAction->runWithParams(Array)
#12 D:\wamp\www\yii\framework\web\CController.php(286): CController->runAction(Object(CInlineAction))
#13 D:\wamp\www\yii\framework\web\CController.php(265): CController->runActionWithFilters(Object(CInlineAction), Array)
#14 D:\wamp\www\yii\framework\web\CWebApplication.php(282): CController->run('login')
#15 D:\wamp\www\yii\framework\web\CWebApplication.php(141): CWebApplication->runController('site/login')
#16 D:\wamp\www\yii\framework\base\CApplication.php(169): CWebApplication->processRequest()
#17 D:\wamp\www\face\index.php(13): CApplication->run()
#18 {main}
REQUEST_URI=/face/index.php?r=site/login
HTTP_REFERER=http://localhost/face/
---
2013/04/19 15:45:26 [error] [exception.CException] exception 'CException' with message 'Property "LoginForm.username" is not defined.' in D:\wamp\www\yii\framework\base\CComponent.php:130
Stack trace:
#0 D:\wamp\www\yii\framework\web\helpers\CHtml.php(2255): CComponent->__get('username')
#1 D:\wamp\www\yii\framework\web\helpers\CHtml.php(1980): CHtml::resolveValue(Object(LoginForm), 'username')
#2 D:\wamp\www\yii\framework\web\helpers\CHtml.php(1257): CHtml::activeInputField('text', Object(LoginForm), 'username', Array)
#3 D:\wamp\www\yii\framework\web\widgets\CActiveForm.php(657): CHtml::activeTextField(Object(LoginForm), 'username', Array)
#4 D:\wamp\www\face\protected\views\site\login.php(29): CActiveForm->textField(Object(LoginForm), 'username')
#5 D:\wamp\www\yii\framework\web\CBaseController.php(126): require('D:\wamp\www\fac...')
#6 D:\wamp\www\yii\framework\web\CBaseController.php(95): CBaseController->renderInternal('D:\wamp\www\fac...', Array, true)
#7 D:\wamp\www\yii\framework\web\CController.php(869): CBaseController->renderFile('D:\wamp\www\fac...', Array, true)
#8 D:\wamp\www\yii\framework\web\CController.php(782): CController->renderPartial('login', Array, true)
#9 D:\wamp\www\face\protected\controllers\SiteController.php(98): CController->render('login', Array)
#10 D:\wamp\www\yii\framework\web\actions\CInlineAction.php(49): SiteController->actionLogin()
#11 D:\wamp\www\yii\framework\web\CController.php(308): CInlineAction->runWithParams(Array)
#12 D:\wamp\www\yii\framework\web\CController.php(286): CController->runAction(Object(CInlineAction))
#13 D:\wamp\www\yii\framework\web\CController.php(265): CController->runActionWithFilters(Object(CInlineAction), Array)
#14 D:\wamp\www\yii\framework\web\CWebApplication.php(282): CController->run('login')
#15 D:\wamp\www\yii\framework\web\CWebApplication.php(141): CWebApplication->runController('site/login')
#16 D:\wamp\www\yii\framework\base\CApplication.php(169): CWebApplication->processRequest()
#17 D:\wamp\www\face\index.php(13): CApplication->run()
#18 {main}
REQUEST_URI=/face/index.php?r=site/login
HTTP_REFERER=http://localhost/face/index.php?
---
2013/04/19 15:46:15 [error] [php] Object of class LoginForm could not be converted to string (D:\wamp\www\face\protected\controllers\SiteController.php:81)
Stack trace:
#0 D:\wamp\www\yii\framework\web\CController.php(286): SiteController->runAction()
#1 D:\wamp\www\yii\framework\web\CController.php(265): SiteController->runActionWithFilters()
#2 D:\wamp\www\yii\framework\web\CWebApplication.php(282): SiteController->run()
#3 D:\wamp\www\yii\framework\web\CWebApplication.php(141): CWebApplication->runController()
#4 D:\wamp\www\yii\framework\base\CApplication.php(169): CWebApplication->processRequest()
#5 D:\wamp\www\face\index.php(13): CWebApplication->run()
REQUEST_URI=/face/index.php?r=site/login
in D:\wamp\www\face\protected\controllers\SiteController.php (81)
in D:\wamp\www\face\index.php (13)
2013/04/19 16:31:00 [error] [exception.CHttpException.404] exception 'CHttpException' with message 'The system is unable to find the requested action "login".' in D:\wamp\www\yii\framework\web\CController.php:483
Stack trace:
#0 D:\wamp\www\yii\framework\web\CController.php(270): CController->missingAction('login')
#1 D:\wamp\www\yii\framework\web\CWebApplication.php(282): CController->run('login')
#2 D:\wamp\www\yii\framework\web\CWebApplication.php(141): CWebApplication->runController('site/login')
#3 D:\wamp\www\yii\framework\base\CApplication.php(169): CWebApplication->processRequest()
#4 D:\wamp\www\face\index.php(13): CApplication->run()
#5 {main}
REQUEST_URI=/face/index.php?r=site/login
---
2013/04/19 16:40:56 [error] [exception.FacebookApiException] OAuthException: An active access token must be used to query information about the current user.
REQUEST_URI=/face/index.php?r=site
---
2013/04/19 16:41:28 [error] [exception.FacebookApiException] OAuthException: An active access token must be used to query information about the current user.
REQUEST_URI=/face/index.php?r=site
---
2013/04/19 16:47:00 [error] [exception.FacebookApiException] OAuthException: An active access token must be used to query information about the current user.
REQUEST_URI=/face/index.php?r=site
---
2013/04/19 17:00:13 [error] [exception.FacebookApiException] OAuthException: An active access token must be used to query information about the current user.
REQUEST_URI=/face/index.php?r=site
---
2013/04/19 17:23:30 [error] [exception.FacebookApiException] OAuthException: An active access token must be used to query information about the current user.
REQUEST_URI=/face/index.php?r=site
---
2013/04/19 17:23:54 [error] [exception.FacebookApiException] OAuthException: An active access token must be used to query information about the current user.
REQUEST_URI=/face/index.php?r=site
---
2013/04/19 17:24:41 [error] [exception.FacebookApiException] OAuthException: An active access token must be used to query information about the current user.
REQUEST_URI=/face/index.php?r=site
---
2013/04/19 17:25:03 [error] [exception.FacebookApiException] OAuthException: An active access token must be used to query information about the current user.
REQUEST_URI=/face/index.php?r=site
---
2013/04/19 17:25:26 [error] [exception.FacebookApiException] OAuthException: An active access token must be used to query information about the current user.
REQUEST_URI=/face/index.php?r=site
---
2013/04/19 17:25:35 [error] [exception.FacebookApiException] OAuthException: An active access token must be used to query information about the current user.
REQUEST_URI=/face/index.php
---
2013/04/19 17:27:26 [error] [exception.FacebookApiException] OAuthException: An active access token must be used to query information about the current user.
REQUEST_URI=/face/index.php
---
2013/04/19 17:28:27 [error] [exception.FacebookApiException] OAuthException: An active access token must be used to query information about the current user.
REQUEST_URI=/face/index.php
---
2013/04/19 17:29:20 [error] [exception.FacebookApiException] OAuthException: An active access token must be used to query information about the current user.
REQUEST_URI=/face/index.php
---
2013/04/19 17:30:21 [error] [exception.FacebookApiException] OAuthException: An active access token must be used to query information about the current user.
REQUEST_URI=/face/index.php
---
2013/04/19 17:30:32 [error] [exception.FacebookApiException] OAuthException: An active access token must be used to query information about the current user.
REQUEST_URI=/face/index.php
---
2013/04/19 17:42:36 [error] [exception.FacebookApiException] OAuthException: An active access token must be used to query information about the current user.
REQUEST_URI=/face/index.php
---
2013/04/19 17:42:52 [error] [exception.FacebookApiException] OAuthException: An active access token must be used to query information about the current user.
REQUEST_URI=/face/index.php
---
2013/04/19 17:43:35 [error] [exception.FacebookApiException] OAuthException: An active access token must be used to query information about the current user.
REQUEST_URI=/face/index.php
---
2013/04/19 18:20:16 [error] [php] Invalid argument supplied for foreach() (D:\wamp\www\face\protected\views\site\index.php:9)
Stack trace:
#0 D:\wamp\www\yii\framework\web\CController.php(869): SiteController->renderFile()
#1 D:\wamp\www\yii\framework\web\CController.php(782): SiteController->renderPartial()
#2 D:\wamp\www\face\protected\controllers\SiteController.php(41): SiteController->render()
#3 D:\wamp\www\yii\framework\web\actions\CInlineAction.php(49): SiteController->actionIndex()
#4 D:\wamp\www\yii\framework\web\CController.php(308): CInlineAction->runWithParams()
#5 D:\wamp\www\yii\framework\web\CController.php(286): SiteController->runAction()
#6 D:\wamp\www\yii\framework\web\CController.php(265): SiteController->runActionWithFilters()
#7 D:\wamp\www\yii\framework\web\CWebApplication.php(282): SiteController->run()
#8 D:\wamp\www\yii\framework\web\CWebApplication.php(141): CWebApplication->runController()
#9 D:\wamp\www\yii\framework\base\CApplication.php(169): CWebApplication->processRequest()
#10 D:\wamp\www\face\index.php(13): CWebApplication->run()
REQUEST_URI=/face/index.php
in D:\wamp\www\face\protected\views\site\index.php (9)
in D:\wamp\www\face\protected\controllers\SiteController.php (41)
in D:\wamp\www\face\index.php (13)
2013/04/19 18:20:21 [error] [php] Invalid argument supplied for foreach() (D:\wamp\www\face\protected\views\site\index.php:9)
Stack trace:
#0 D:\wamp\www\yii\framework\web\CController.php(869): SiteController->renderFile()
#1 D:\wamp\www\yii\framework\web\CController.php(782): SiteController->renderPartial()
#2 D:\wamp\www\face\protected\controllers\SiteController.php(41): SiteController->render()
#3 D:\wamp\www\yii\framework\web\actions\CInlineAction.php(49): SiteController->actionIndex()
#4 D:\wamp\www\yii\framework\web\CController.php(308): CInlineAction->runWithParams()
#5 D:\wamp\www\yii\framework\web\CController.php(286): SiteController->runAction()
#6 D:\wamp\www\yii\framework\web\CController.php(265): SiteController->runActionWithFilters()
#7 D:\wamp\www\yii\framework\web\CWebApplication.php(282): SiteController->run()
#8 D:\wamp\www\yii\framework\web\CWebApplication.php(141): CWebApplication->runController()
#9 D:\wamp\www\yii\framework\base\CApplication.php(169): CWebApplication->processRequest()
#10 D:\wamp\www\face\index.php(13): CWebApplication->run()
REQUEST_URI=/face/index.php
in D:\wamp\www\face\protected\views\site\index.php (9)
in D:\wamp\www\face\protected\controllers\SiteController.php (41)
in D:\wamp\www\face\index.php (13)
2013/04/19 18:20:51 [error] [php] Invalid argument supplied for foreach() (D:\wamp\www\face\protected\views\site\index.php:9)
Stack trace:
#0 D:\wamp\www\yii\framework\web\CController.php(869): SiteController->renderFile()
#1 D:\wamp\www\yii\framework\web\CController.php(782): SiteController->renderPartial()
#2 D:\wamp\www\face\protected\controllers\SiteController.php(41): SiteController->render()
#3 D:\wamp\www\yii\framework\web\actions\CInlineAction.php(49): SiteController->actionIndex()
#4 D:\wamp\www\yii\framework\web\CController.php(308): CInlineAction->runWithParams()
#5 D:\wamp\www\yii\framework\web\CController.php(286): SiteController->runAction()
#6 D:\wamp\www\yii\framework\web\CController.php(265): SiteController->runActionWithFilters()
#7 D:\wamp\www\yii\framework\web\CWebApplication.php(282): SiteController->run()
#8 D:\wamp\www\yii\framework\web\CWebApplication.php(141): CWebApplication->runController()
#9 D:\wamp\www\yii\framework\base\CApplication.php(169): CWebApplication->processRequest()
#10 D:\wamp\www\face\index.php(13): CWebApplication->run()
REQUEST_URI=/face/index.php
in D:\wamp\www\face\protected\views\site\index.php (9)
in D:\wamp\www\face\protected\controllers\SiteController.php (41)
in D:\wamp\www\face\index.php (13)
2013/04/19 18:21:01 [error] [php] Invalid argument supplied for foreach() (D:\wamp\www\face\protected\views\site\index.php:9)
Stack trace:
#0 D:\wamp\www\yii\framework\web\CController.php(869): SiteController->renderFile()
#1 D:\wamp\www\yii\framework\web\CController.php(782): SiteController->renderPartial()
#2 D:\wamp\www\face\protected\controllers\SiteController.php(41): SiteController->render()
#3 D:\wamp\www\yii\framework\web\actions\CInlineAction.php(49): SiteController->actionIndex()
#4 D:\wamp\www\yii\framework\web\CController.php(308): CInlineAction->runWithParams()
#5 D:\wamp\www\yii\framework\web\CController.php(286): SiteController->runAction()
#6 D:\wamp\www\yii\framework\web\CController.php(265): SiteController->runActionWithFilters()
#7 D:\wamp\www\yii\framework\web\CWebApplication.php(282): SiteController->run()
#8 D:\wamp\www\yii\framework\web\CWebApplication.php(141): CWebApplication->runController()
#9 D:\wamp\www\yii\framework\base\CApplication.php(169): CWebApplication->processRequest()
#10 D:\wamp\www\face\index.php(13): CWebApplication->run()
REQUEST_URI=/face/index.php
in D:\wamp\www\face\protected\views\site\index.php (9)
in D:\wamp\www\face\protected\controllers\SiteController.php (41)
in D:\wamp\www\face\index.php (13)
2013/04/19 18:21:23 [error] [php] Invalid argument supplied for foreach() (D:\wamp\www\face\protected\views\site\index.php:9)
Stack trace:
#0 D:\wamp\www\yii\framework\web\CController.php(869): SiteController->renderFile()
#1 D:\wamp\www\yii\framework\web\CController.php(782): SiteController->renderPartial()
#2 D:\wamp\www\face\protected\controllers\SiteController.php(41): SiteController->render()
#3 D:\wamp\www\yii\framework\web\actions\CInlineAction.php(49): SiteController->actionIndex()
#4 D:\wamp\www\yii\framework\web\CController.php(308): CInlineAction->runWithParams()
#5 D:\wamp\www\yii\framework\web\CController.php(286): SiteController->runAction()
#6 D:\wamp\www\yii\framework\web\CController.php(265): SiteController->runActionWithFilters()
#7 D:\wamp\www\yii\framework\web\CWebApplication.php(282): SiteController->run()
#8 D:\wamp\www\yii\framework\web\CWebApplication.php(141): CWebApplication->runController()
#9 D:\wamp\www\yii\framework\base\CApplication.php(169): CWebApplication->processRequest()
#10 D:\wamp\www\face\index.php(13): CWebApplication->run()
REQUEST_URI=/face/index.php
in D:\wamp\www\face\protected\views\site\index.php (9)
in D:\wamp\www\face\protected\controllers\SiteController.php (41)
in D:\wamp\www\face\index.php (13)
2013/04/19 18:24:24 [error] [php] Invalid argument supplied for foreach() (D:\wamp\www\face\protected\views\site\index.php:8)
Stack trace:
#0 D:\wamp\www\yii\framework\web\CController.php(869): SiteController->renderFile()
#1 D:\wamp\www\yii\framework\web\CController.php(782): SiteController->renderPartial()
#2 D:\wamp\www\face\protected\controllers\SiteController.php(41): SiteController->render()
#3 D:\wamp\www\yii\framework\web\actions\CInlineAction.php(49): SiteController->actionIndex()
#4 D:\wamp\www\yii\framework\web\CController.php(308): CInlineAction->runWithParams()
#5 D:\wamp\www\yii\framework\web\CController.php(286): SiteController->runAction()
#6 D:\wamp\www\yii\framework\web\CController.php(265): SiteController->runActionWithFilters()
#7 D:\wamp\www\yii\framework\web\CWebApplication.php(282): SiteController->run()
#8 D:\wamp\www\yii\framework\web\CWebApplication.php(141): CWebApplication->runController()
#9 D:\wamp\www\yii\framework\base\CApplication.php(169): CWebApplication->processRequest()
#10 D:\wamp\www\face\index.php(13): CWebApplication->run()
REQUEST_URI=/face/index.php
in D:\wamp\www\face\protected\views\site\index.php (8)
in D:\wamp\www\face\protected\controllers\SiteController.php (41)
in D:\wamp\www\face\index.php (13)
2013/04/19 18:26:00 [error] [php] Invalid argument supplied for foreach() (D:\wamp\www\face\protected\views\site\index.php:8)
Stack trace:
#0 D:\wamp\www\yii\framework\web\CController.php(869): SiteController->renderFile()
#1 D:\wamp\www\yii\framework\web\CController.php(782): SiteController->renderPartial()
#2 D:\wamp\www\face\protected\controllers\SiteController.php(41): SiteController->render()
#3 D:\wamp\www\yii\framework\web\actions\CInlineAction.php(49): SiteController->actionIndex()
#4 D:\wamp\www\yii\framework\web\CController.php(308): CInlineAction->runWithParams()
#5 D:\wamp\www\yii\framework\web\CController.php(286): SiteController->runAction()
#6 D:\wamp\www\yii\framework\web\CController.php(265): SiteController->runActionWithFilters()
#7 D:\wamp\www\yii\framework\web\CWebApplication.php(282): SiteController->run()
#8 D:\wamp\www\yii\framework\web\CWebApplication.php(141): CWebApplication->runController()
#9 D:\wamp\www\yii\framework\base\CApplication.php(169): CWebApplication->processRequest()
#10 D:\wamp\www\face\index.php(13): CWebApplication->run()
REQUEST_URI=/face/index.php
in D:\wamp\www\face\protected\views\site\index.php (8)
in D:\wamp\www\face\protected\controllers\SiteController.php (41)
in D:\wamp\www\face\index.php (13)
2013/04/19 18:26:21 [error] [php] Invalid argument supplied for foreach() (D:\wamp\www\face\protected\views\site\index.php:8)
Stack trace:
#0 D:\wamp\www\yii\framework\web\CController.php(869): SiteController->renderFile()
#1 D:\wamp\www\yii\framework\web\CController.php(782): SiteController->renderPartial()
#2 D:\wamp\www\face\protected\controllers\SiteController.php(41): SiteController->render()
#3 D:\wamp\www\yii\framework\web\actions\CInlineAction.php(49): SiteController->actionIndex()
#4 D:\wamp\www\yii\framework\web\CController.php(308): CInlineAction->runWithParams()
#5 D:\wamp\www\yii\framework\web\CController.php(286): SiteController->runAction()
#6 D:\wamp\www\yii\framework\web\CController.php(265): SiteController->runActionWithFilters()
#7 D:\wamp\www\yii\framework\web\CWebApplication.php(282): SiteController->run()
#8 D:\wamp\www\yii\framework\web\CWebApplication.php(141): CWebApplication->runController()
#9 D:\wamp\www\yii\framework\base\CApplication.php(169): CWebApplication->processRequest()
#10 D:\wamp\www\face\index.php(13): CWebApplication->run()
REQUEST_URI=/face/index.php
in D:\wamp\www\face\protected\views\site\index.php (8)
in D:\wamp\www\face\protected\controllers\SiteController.php (41)
in D:\wamp\www\face\index.php (13)
2013/04/19 18:34:47 [error] [php] Invalid argument supplied for foreach() (D:\wamp\www\face\protected\views\site\index.php:9)
Stack trace:
#0 D:\wamp\www\yii\framework\web\CController.php(869): SiteController->renderFile()
#1 D:\wamp\www\yii\framework\web\CController.php(782): SiteController->renderPartial()
#2 D:\wamp\www\face\protected\controllers\SiteController.php(41): SiteController->render()
#3 D:\wamp\www\yii\framework\web\actions\CInlineAction.php(49): SiteController->actionIndex()
#4 D:\wamp\www\yii\framework\web\CController.php(308): CInlineAction->runWithParams()
#5 D:\wamp\www\yii\framework\web\CController.php(286): SiteController->runAction()
#6 D:\wamp\www\yii\framework\web\CController.php(265): SiteController->runActionWithFilters()
#7 D:\wamp\www\yii\framework\web\CWebApplication.php(282): SiteController->run()
#8 D:\wamp\www\yii\framework\web\CWebApplication.php(141): CWebApplication->runController()
#9 D:\wamp\www\yii\framework\base\CApplication.php(169): CWebApplication->processRequest()
#10 D:\wamp\www\face\index.php(13): CWebApplication->run()
REQUEST_URI=/face/index.php
in D:\wamp\www\face\protected\views\site\index.php (9)
in D:\wamp\www\face\protected\controllers\SiteController.php (41)
in D:\wamp\www\face\index.php (13)
2013/04/19 18:35:37 [error] [php] Invalid argument supplied for foreach() (D:\wamp\www\face\protected\views\site\index.php:10)
Stack trace:
#0 D:\wamp\www\yii\framework\web\CController.php(869): SiteController->renderFile()
#1 D:\wamp\www\yii\framework\web\CController.php(782): SiteController->renderPartial()
#2 D:\wamp\www\face\protected\controllers\SiteController.php(41): SiteController->render()
#3 D:\wamp\www\yii\framework\web\actions\CInlineAction.php(49): SiteController->actionIndex()
#4 D:\wamp\www\yii\framework\web\CController.php(308): CInlineAction->runWithParams()
#5 D:\wamp\www\yii\framework\web\CController.php(286): SiteController->runAction()
#6 D:\wamp\www\yii\framework\web\CController.php(265): SiteController->runActionWithFilters()
#7 D:\wamp\www\yii\framework\web\CWebApplication.php(282): SiteController->run()
#8 D:\wamp\www\yii\framework\web\CWebApplication.php(141): CWebApplication->runController()
#9 D:\wamp\www\yii\framework\base\CApplication.php(169): CWebApplication->processRequest()
#10 D:\wamp\www\face\index.php(13): CWebApplication->run()
REQUEST_URI=/face/index.php
in D:\wamp\www\face\protected\views\site\index.php (10)
in D:\wamp\www\face\protected\controllers\SiteController.php (41)
in D:\wamp\www\face\index.php (13)
2013/04/19 18:39:16 [error] [php] Invalid argument supplied for foreach() (D:\wamp\www\face\protected\views\site\index.php:10)
Stack trace:
#0 D:\wamp\www\yii\framework\web\CController.php(869): SiteController->renderFile()
#1 D:\wamp\www\yii\framework\web\CController.php(782): SiteController->renderPartial()
#2 D:\wamp\www\face\protected\controllers\SiteController.php(41): SiteController->render()
#3 D:\wamp\www\yii\framework\web\actions\CInlineAction.php(49): SiteController->actionIndex()
#4 D:\wamp\www\yii\framework\web\CController.php(308): CInlineAction->runWithParams()
#5 D:\wamp\www\yii\framework\web\CController.php(286): SiteController->runAction()
#6 D:\wamp\www\yii\framework\web\CController.php(265): SiteController->runActionWithFilters()
#7 D:\wamp\www\yii\framework\web\CWebApplication.php(282): SiteController->run()
#8 D:\wamp\www\yii\framework\web\CWebApplication.php(141): CWebApplication->runController()
#9 D:\wamp\www\yii\framework\base\CApplication.php(169): CWebApplication->processRequest()
#10 D:\wamp\www\face\index.php(13): CWebApplication->run()
REQUEST_URI=/face/index.php
in D:\wamp\www\face\protected\views\site\index.php (10)
in D:\wamp\www\face\protected\controllers\SiteController.php (41)
in D:\wamp\www\face\index.php (13)
2013/04/19 18:39:46 [error] [php] Invalid argument supplied for foreach() (D:\wamp\www\face\protected\views\site\index.php:10)
Stack trace:
#0 D:\wamp\www\yii\framework\web\CController.php(869): SiteController->renderFile()
#1 D:\wamp\www\yii\framework\web\CController.php(782): SiteController->renderPartial()
#2 D:\wamp\www\face\protected\controllers\SiteController.php(41): SiteController->render()
#3 D:\wamp\www\yii\framework\web\actions\CInlineAction.php(49): SiteController->actionIndex()
#4 D:\wamp\www\yii\framework\web\CController.php(308): CInlineAction->runWithParams()
#5 D:\wamp\www\yii\framework\web\CController.php(286): SiteController->runAction()
#6 D:\wamp\www\yii\framework\web\CController.php(265): SiteController->runActionWithFilters()
#7 D:\wamp\www\yii\framework\web\CWebApplication.php(282): SiteController->run()
#8 D:\wamp\www\yii\framework\web\CWebApplication.php(141): CWebApplication->runController()
#9 D:\wamp\www\yii\framework\base\CApplication.php(169): CWebApplication->processRequest()
#10 D:\wamp\www\face\index.php(13): CWebApplication->run()
REQUEST_URI=/face/index.php
in D:\wamp\www\face\protected\views\site\index.php (10)
in D:\wamp\www\face\protected\controllers\SiteController.php (41)
in D:\wamp\www\face\index.php (13)
2013/04/19 18:43:02 [error] [php] Invalid argument supplied for foreach() (D:\wamp\www\face\protected\views\site\index.php:10)
Stack trace:
#0 D:\wamp\www\yii\framework\web\CController.php(869): SiteController->renderFile()
#1 D:\wamp\www\yii\framework\web\CController.php(782): SiteController->renderPartial()
#2 D:\wamp\www\face\protected\controllers\SiteController.php(41): SiteController->render()
#3 D:\wamp\www\yii\framework\web\actions\CInlineAction.php(49): SiteController->actionIndex()
#4 D:\wamp\www\yii\framework\web\CController.php(308): CInlineAction->runWithParams()
#5 D:\wamp\www\yii\framework\web\CController.php(286): SiteController->runAction()
#6 D:\wamp\www\yii\framework\web\CController.php(265): SiteController->runActionWithFilters()
#7 D:\wamp\www\yii\framework\web\CWebApplication.php(282): SiteController->run()
#8 D:\wamp\www\yii\framework\web\CWebApplication.php(141): CWebApplication->runController()
#9 D:\wamp\www\yii\framework\base\CApplication.php(169): CWebApplication->processRequest()
#10 D:\wamp\www\face\index.php(13): CWebApplication->run()
REQUEST_URI=/face/index.php
in D:\wamp\www\face\protected\views\site\index.php (10)
in D:\wamp\www\face\protected\controllers\SiteController.php (41)
in D:\wamp\www\face\index.php (13)
2013/04/19 18:43:23 [error] [exception.FacebookApiException] CurlException: 28: SSL connection timeout
REQUEST_URI=/face/index.php
---
2013/04/19 18:44:08 [error] [php] Invalid argument supplied for foreach() (D:\wamp\www\face\protected\views\site\index.php:10)
Stack trace:
#0 D:\wamp\www\yii\framework\web\CController.php(869): SiteController->renderFile()
#1 D:\wamp\www\yii\framework\web\CController.php(782): SiteController->renderPartial()
#2 D:\wamp\www\face\protected\controllers\SiteController.php(41): SiteController->render()
#3 D:\wamp\www\yii\framework\web\actions\CInlineAction.php(49): SiteController->actionIndex()
#4 D:\wamp\www\yii\framework\web\CController.php(308): CInlineAction->runWithParams()
#5 D:\wamp\www\yii\framework\web\CController.php(286): SiteController->runAction()
#6 D:\wamp\www\yii\framework\web\CController.php(265): SiteController->runActionWithFilters()
#7 D:\wamp\www\yii\framework\web\CWebApplication.php(282): SiteController->run()
#8 D:\wamp\www\yii\framework\web\CWebApplication.php(141): CWebApplication->runController()
#9 D:\wamp\www\yii\framework\base\CApplication.php(169): CWebApplication->processRequest()
#10 D:\wamp\www\face\index.php(13): CWebApplication->run()
REQUEST_URI=/face/index.php
in D:\wamp\www\face\protected\views\site\index.php (10)
in D:\wamp\www\face\protected\controllers\SiteController.php (41)
in D:\wamp\www\face\index.php (13)
2013/04/19 18:44:55 [error] [exception.FacebookApiException] CurlException: 28: SSL connection timeout
REQUEST_URI=/face/index.php
---
2013/04/19 18:45:08 [error] [php] Invalid argument supplied for foreach() (D:\wamp\www\face\protected\views\site\index.php:10)
Stack trace:
#0 D:\wamp\www\yii\framework\web\CController.php(869): SiteController->renderFile()
#1 D:\wamp\www\yii\framework\web\CController.php(782): SiteController->renderPartial()
#2 D:\wamp\www\face\protected\controllers\SiteController.php(41): SiteController->render()
#3 D:\wamp\www\yii\framework\web\actions\CInlineAction.php(49): SiteController->actionIndex()
#4 D:\wamp\www\yii\framework\web\CController.php(308): CInlineAction->runWithParams()
#5 D:\wamp\www\yii\framework\web\CController.php(286): SiteController->runAction()
#6 D:\wamp\www\yii\framework\web\CController.php(265): SiteController->runActionWithFilters()
#7 D:\wamp\www\yii\framework\web\CWebApplication.php(282): SiteController->run()
#8 D:\wamp\www\yii\framework\web\CWebApplication.php(141): CWebApplication->runController()
#9 D:\wamp\www\yii\framework\base\CApplication.php(169): CWebApplication->processRequest()
#10 D:\wamp\www\face\index.php(13): CWebApplication->run()
REQUEST_URI=/face/index.php
in D:\wamp\www\face\protected\views\site\index.php (10)
in D:\wamp\www\face\protected\controllers\SiteController.php (41)
in D:\wamp\www\face\index.php (13)
2013/04/19 18:45:46 [error] [php] Invalid argument supplied for foreach() (D:\wamp\www\face\protected\views\site\index.php:10)
Stack trace:
#0 D:\wamp\www\yii\framework\web\CController.php(869): SiteController->renderFile()
#1 D:\wamp\www\yii\framework\web\CController.php(782): SiteController->renderPartial()
#2 D:\wamp\www\face\protected\controllers\SiteController.php(41): SiteController->render()
#3 D:\wamp\www\yii\framework\web\actions\CInlineAction.php(49): SiteController->actionIndex()
#4 D:\wamp\www\yii\framework\web\CController.php(308): CInlineAction->runWithParams()
#5 D:\wamp\www\yii\framework\web\CController.php(286): SiteController->runAction()
#6 D:\wamp\www\yii\framework\web\CController.php(265): SiteController->runActionWithFilters()
#7 D:\wamp\www\yii\framework\web\CWebApplication.php(282): SiteController->run()
#8 D:\wamp\www\yii\framework\web\CWebApplication.php(141): CWebApplication->runController()
#9 D:\wamp\www\yii\framework\base\CApplication.php(169): CWebApplication->processRequest()
#10 D:\wamp\www\face\index.php(13): CWebApplication->run()
REQUEST_URI=/face/
in D:\wamp\www\face\protected\views\site\index.php (10)
in D:\wamp\www\face\protected\controllers\SiteController.php (41)
in D:\wamp\www\face\index.php (13)
